2023-03-13 16:33:45,072 - mmdet - INFO - Environment info:
------------------------------------------------------------
sys.platform: linux
Python: 3.7.16 (default, Jan 17 2023, 22:20:44) [GCC 11.2.0]
CUDA available: True
GPU 0: NVIDIA GeForce RTX 3080 Ti
CUDA_HOME: /usr
NVCC: Cuda compilation tools, release 10.1, V10.1.243
GCC: gcc (Ubuntu 9.4.0-1ubuntu1~20.04.1) 9.4.0
PyTorch: 1.8.0+cu111
PyTorch compiling details: PyTorch built with:
  - GCC 7.3
  - C++ Version: 201402
  - Intel(R) Math Kernel Library Version 2020.0.0 Product Build 20191122 for Intel(R) 64 architecture applications
  - Intel(R) MKL-DNN v1.7.0 (Git Hash 7aed236906b1f7a05c0917e5257a1af05e9ff683)
  - OpenMP 201511 (a.k.a. OpenMP 4.5)
  - NNPACK is enabled
  - CPU capability usage: AVX2
  - CUDA Runtime 11.1
  - NVCC architecture flags: -gencode;arch=compute_37,code=sm_37;-gencode;arch=compute_50,code=sm_50;-gencode;arch=compute_60,code=sm_60;-gencode;arch=compute_70,code=sm_70;-gencode;arch=compute_75,code=sm_75;-gencode;arch=compute_80,code=sm_80;-gencode;arch=compute_86,code=sm_86
  - CuDNN 8.0.5
  - Magma 2.5.2
  - Build settings: BLAS_INFO=mkl, BUILD_TYPE=Release, CUDA_VERSION=11.1, CUDNN_VERSION=8.0.5, CXX_COMPILER=/opt/rh/devtoolset-7/root/usr/bin/c++, CXX_FLAGS= -Wno-deprecated -fvisibility-inlines-hidden -DUSE_PTHREADPOOL -fopenmp -DNDEBUG -DUSE_KINETO -DUSE_FBGEMM -DUSE_QNNPACK -DUSE_PYTORCH_QNNPACK -DUSE_XNNPACK -O2 -fPIC -Wno-narrowing -Wall -Wextra -Werror=return-type -Wno-missing-field-initializers -Wno-type-limits -Wno-array-bounds -Wno-unknown-pragmas -Wno-sign-compare -Wno-unused-parameter -Wno-unused-variable -Wno-unused-function -Wno-unused-result -Wno-unused-local-typedefs -Wno-strict-overflow -Wno-strict-aliasing -Wno-error=deprecated-declarations -Wno-stringop-overflow -Wno-psabi -Wno-error=pedantic -Wno-error=redundant-decls -Wno-error=old-style-cast -fdiagnostics-color=always -faligned-new -Wno-unused-but-set-variable -Wno-maybe-uninitialized -fno-math-errno -fno-trapping-math -Werror=format -Wno-stringop-overflow, LAPACK_INFO=mkl, PERF_WITH_AVX=1, PERF_WITH_AVX2=1, PERF_WITH_AVX512=1, TORCH_VERSION=1.8.0, USE_CUDA=ON, USE_CUDNN=ON, USE_EXCEPTION_PTR=1, USE_GFLAGS=OFF, USE_GLOG=OFF, USE_MKL=ON, USE_MKLDNN=ON, USE_MPI=OFF, USE_NCCL=ON, USE_NNPACK=ON, USE_OPENMP=ON, 

TorchVision: 0.9.0+cu111
OpenCV: 4.7.0
MMCV: 1.3.17
MMCV Compiler: GCC 7.3
MMCV CUDA Compiler: 11.1
MMDetection: 2.26.0+
------------------------------------------------------------

2023-03-13 16:33:46,427 - mmdet - INFO - Distributed training: False
2023-03-13 16:33:47,751 - mmdet - INFO - Config:
input_size = 300
model = dict(
    type='SingleStageDetector',
    backbone=dict(
        type='SSDVGG',
        depth=16,
        with_last_pool=False,
        ceil_mode=True,
        out_indices=(3, 4),
        out_feature_indices=(22, 34),
        init_cfg=dict(
            type='Pretrained', checkpoint='open-mmlab://vgg16_caffe')),
    neck=dict(
        type='SSDNeck',
        in_channels=(512, 1024),
        out_channels=(512, 1024, 512, 256, 256, 256),
        level_strides=(2, 2, 1, 1),
        level_paddings=(1, 1, 0, 0),
        l2_norm_scale=20),
    bbox_head=dict(
        type='SSDHead',
        in_channels=(512, 1024, 512, 256, 256, 256),
        num_classes=1,
        anchor_generator=dict(
            type='SSDAnchorGenerator',
            scale_major=False,
            input_size=300,
            basesize_ratio_range=(0.15, 0.9),
            strides=[8, 16, 32, 64, 100, 300],
            ratios=[[2], [2, 3], [2, 3], [2, 3], [2], [2]]),
        bbox_coder=dict(
            type='DeltaXYWHBBoxCoder',
            target_means=[0.0, 0.0, 0.0, 0.0],
            target_stds=[0.1, 0.1, 0.2, 0.2])),
    train_cfg=dict(
        assigner=dict(
            type='MaxIoUAssigner',
            pos_iou_thr=0.5,
            neg_iou_thr=0.5,
            min_pos_iou=0.0,
            ignore_iof_thr=-1,
            gt_max_assign_all=False),
        smoothl1_beta=1.0,
        allowed_border=-1,
        pos_weight=-1,
        neg_pos_ratio=3,
        debug=False),
    test_cfg=dict(
        nms_pre=1000,
        nms=dict(type='nms', iou_threshold=0.45),
        min_bbox_size=0,
        score_thr=0.02,
        max_per_img=200))
cudnn_benchmark = True
dataset_type = 'VOCDataset'
data_root = '/home/yuan3080/桌面/detection_paper_6/mmdetection-master1/mmdetection-master/data/VOCdevkit/'
img_norm_cfg = dict(mean=[123.675, 116.28, 103.53], std=[1, 1, 1], to_rgb=True)
train_pipeline = [
    dict(type='LoadImageFromFile'),
    dict(type='LoadAnnotations', with_bbox=True),
    dict(
        type='Expand',
        mean=[123.675, 116.28, 103.53],
        to_rgb=True,
        ratio_range=(1, 4)),
    dict(
        type='MinIoURandomCrop',
        min_ious=(0.1, 0.3, 0.5, 0.7, 0.9),
        min_crop_size=0.3),
    dict(type='Resize', img_scale=(680, 680), keep_ratio=False),
    dict(type='RandomFlip', flip_ratio=0.5),
    dict(
        type='PhotoMetricDistortion',
        brightness_delta=32,
        contrast_range=(0.5, 1.5),
        saturation_range=(0.5, 1.5),
        hue_delta=18),
    dict(
        type='Normalize',
        mean=[123.675, 116.28, 103.53],
        std=[1, 1, 1],
        to_rgb=True),
    dict(type='DefaultFormatBundle'),
    dict(type='Collect', keys=['img', 'gt_bboxes', 'gt_labels'])
]
test_pipeline = [
    dict(type='LoadImageFromFile'),
    dict(
        type='MultiScaleFlipAug',
        img_scale=(680, 680),
        flip=False,
        transforms=[
            dict(type='Resize', keep_ratio=False),
            dict(
                type='Normalize',
                mean=[123.675, 116.28, 103.53],
                std=[1, 1, 1],
                to_rgb=True),
            dict(type='ImageToTensor', keys=['img']),
            dict(type='Collect', keys=['img'])
        ])
]
data = dict(
    samples_per_gpu=2,
    workers_per_gpu=2,
    train=dict(
        type='RepeatDataset',
        times=3,
        dataset=dict(
            type='VOCDataset',
            ann_file=[
                '/home/yuan3080/桌面/detection_paper_6/mmdetection-master1/mmdetection-master/data/VOCdevkit/VOC2007/ImageSets/Main/trainval.txt',
                '/home/yuan3080/桌面/detection_paper_6/mmdetection-master1/mmdetection-master/data/VOCdevkit/VOC2007/ImageSets/Main/trainval.txt'
            ],
            img_prefix=[
                '/home/yuan3080/桌面/detection_paper_6/mmdetection-master1/mmdetection-master/data/VOCdevkit/VOC2007/',
                '/home/yuan3080/桌面/detection_paper_6/mmdetection-master1/mmdetection-master/data/VOCdevkit/VOC2007/'
            ],
            pipeline=[
                dict(type='LoadImageFromFile'),
                dict(type='LoadAnnotations', with_bbox=True),
                dict(type='Resize', img_scale=(1000, 600), keep_ratio=True),
                dict(type='RandomFlip', flip_ratio=0.5),
                dict(
                    type='Normalize',
                    mean=[123.675, 116.28, 103.53],
                    std=[58.395, 57.12, 57.375],
                    to_rgb=True),
                dict(type='Pad', size_divisor=32),
                dict(type='DefaultFormatBundle'),
                dict(type='Collect', keys=['img', 'gt_bboxes', 'gt_labels'])
            ])),
    val=dict(
        type='VOCDataset',
        ann_file=
        '/home/yuan3080/桌面/detection_paper_6/mmdetection-master1/mmdetection-master/data/VOCdevkit/VOC2007/ImageSets/Main/test.txt',
        img_prefix=
        '/home/yuan3080/桌面/detection_paper_6/mmdetection-master1/mmdetection-master/data/VOCdevkit/VOC2007/',
        pipeline=[
            dict(type='LoadImageFromFile'),
            dict(
                type='MultiScaleFlipAug',
                img_scale=(1000, 600),
                flip=False,
                transforms=[
                    dict(type='Resize', keep_ratio=True),
                    dict(type='RandomFlip'),
                    dict(
                        type='Normalize',
                        mean=[123.675, 116.28, 103.53],
                        std=[58.395, 57.12, 57.375],
                        to_rgb=True),
                    dict(type='Pad', size_divisor=32),
                    dict(type='ImageToTensor', keys=['img']),
                    dict(type='Collect', keys=['img'])
                ])
        ]),
    test=dict(
        type='VOCDataset',
        ann_file=
        '/home/yuan3080/桌面/detection_paper_6/mmdetection-master1/mmdetection-master/data/VOCdevkit/VOC2007/ImageSets/Main/test.txt',
        img_prefix=
        '/home/yuan3080/桌面/detection_paper_6/mmdetection-master1/mmdetection-master/data/VOCdevkit/VOC2007/',
        pipeline=[
            dict(type='LoadImageFromFile'),
            dict(
                type='MultiScaleFlipAug',
                img_scale=(1000, 600),
                flip=False,
                transforms=[
                    dict(type='Resize', keep_ratio=True),
                    dict(type='RandomFlip'),
                    dict(
                        type='Normalize',
                        mean=[123.675, 116.28, 103.53],
                        std=[58.395, 57.12, 57.375],
                        to_rgb=True),
                    dict(type='Pad', size_divisor=32),
                    dict(type='ImageToTensor', keys=['img']),
                    dict(type='Collect', keys=['img'])
                ])
        ]))
evaluation = dict(interval=1, metric='mAP')
optimizer = dict(type='SGD', lr=0.001, momentum=0.9, weight_decay=0.0001)
optimizer_config = dict(grad_clip=dict(max_norm=35, norm_type=2))
lr_config = dict(
    policy='step',
    warmup='linear',
    warmup_iters=500,
    warmup_ratio=0.001,
    step=[8, 11])
runner = dict(type='EpochBasedRunner', max_epochs=100)
checkpoint_config = dict(interval=20)
log_config = dict(interval=50, hooks=[dict(type='TextLoggerHook')])
custom_hooks = [dict(type='NumClassCheckHook')]
dist_params = dict(backend='nccl')
log_level = 'INFO'
load_from = None
resume_from = None
workflow = [('train', 1)]
opencv_num_threads = 0
mp_start_method = 'fork'
auto_scale_lr = dict(enable=False, base_batch_size=32)
work_dir = 'configs/ssd_log_ssd300_coco/'
auto_resume = False
gpu_ids = [0]

2023-03-13 16:33:47,752 - mmdet - INFO - Set random seed to 1961789706, deterministic: False
2023-03-13 16:33:47,853 - mmdet - INFO - initialize SSDVGG with init_cfg {'type': 'Pretrained', 'checkpoint': 'open-mmlab://vgg16_caffe'}
2023-03-13 16:33:47,913 - mmdet - INFO - initialize SSDNeck with init_cfg [{'type': 'Xavier', 'distribution': 'uniform', 'layer': 'Conv2d'}, {'type': 'Constant', 'val': 1, 'layer': 'BatchNorm2d'}, {'type': 'Constant', 'val': 20, 'override': {'name': 'l2_norm'}}]
2023-03-13 16:33:47,924 - mmdet - INFO - initialize SSDHead with init_cfg {'type': 'Xavier', 'layer': 'Conv2d', 'distribution': 'uniform', 'bias': 0}
Name of parameter - Initialization information

backbone.features.0.weight - torch.Size([64, 3, 3, 3]): 
PretrainedInit: load from open-mmlab://vgg16_caffe 

backbone.features.0.bias - torch.Size([64]): 
PretrainedInit: load from open-mmlab://vgg16_caffe 

backbone.features.2.weight - torch.Size([64, 64, 3, 3]): 
PretrainedInit: load from open-mmlab://vgg16_caffe 

backbone.features.2.bias - torch.Size([64]): 
PretrainedInit: load from open-mmlab://vgg16_caffe 

backbone.features.5.weight - torch.Size([128, 64, 3, 3]): 
PretrainedInit: load from open-mmlab://vgg16_caffe 

backbone.features.5.bias - torch.Size([128]): 
PretrainedInit: load from open-mmlab://vgg16_caffe 

backbone.features.7.weight - torch.Size([128, 128, 3, 3]): 
PretrainedInit: load from open-mmlab://vgg16_caffe 

backbone.features.7.bias - torch.Size([128]): 
PretrainedInit: load from open-mmlab://vgg16_caffe 

backbone.features.10.weight - torch.Size([256, 128, 3, 3]): 
PretrainedInit: load from open-mmlab://vgg16_caffe 

backbone.features.10.bias - torch.Size([256]): 
PretrainedInit: load from open-mmlab://vgg16_caffe 

backbone.features.12.weight - torch.Size([256, 256, 3, 3]): 
PretrainedInit: load from open-mmlab://vgg16_caffe 

backbone.features.12.bias - torch.Size([256]): 
PretrainedInit: load from open-mmlab://vgg16_caffe 

backbone.features.14.weight - torch.Size([256, 256, 3, 3]): 
PretrainedInit: load from open-mmlab://vgg16_caffe 

backbone.features.14.bias - torch.Size([256]): 
PretrainedInit: load from open-mmlab://vgg16_caffe 

backbone.features.17.weight - torch.Size([512, 256, 3, 3]): 
PretrainedInit: load from open-mmlab://vgg16_caffe 

backbone.features.17.bias - torch.Size([512]): 
PretrainedInit: load from open-mmlab://vgg16_caffe 

backbone.features.19.weight - torch.Size([512, 512, 3, 3]): 
PretrainedInit: load from open-mmlab://vgg16_caffe 

backbone.features.19.bias - torch.Size([512]): 
PretrainedInit: load from open-mmlab://vgg16_caffe 

backbone.features.21.weight - torch.Size([512, 512, 3, 3]): 
PretrainedInit: load from open-mmlab://vgg16_caffe 

backbone.features.21.bias - torch.Size([512]): 
PretrainedInit: load from open-mmlab://vgg16_caffe 

backbone.features.24.weight - torch.Size([512, 512, 3, 3]): 
PretrainedInit: load from open-mmlab://vgg16_caffe 

backbone.features.24.bias - torch.Size([512]): 
PretrainedInit: load from open-mmlab://vgg16_caffe 

backbone.features.26.weight - torch.Size([512, 512, 3, 3]): 
PretrainedInit: load from open-mmlab://vgg16_caffe 

backbone.features.26.bias - torch.Size([512]): 
PretrainedInit: load from open-mmlab://vgg16_caffe 

backbone.features.28.weight - torch.Size([512, 512, 3, 3]): 
PretrainedInit: load from open-mmlab://vgg16_caffe 

backbone.features.28.bias - torch.Size([512]): 
PretrainedInit: load from open-mmlab://vgg16_caffe 

backbone.features.31.weight - torch.Size([1024, 512, 3, 3]): 
PretrainedInit: load from open-mmlab://vgg16_caffe 

backbone.features.31.bias - torch.Size([1024]): 
PretrainedInit: load from open-mmlab://vgg16_caffe 

backbone.features.33.weight - torch.Size([1024, 1024, 1, 1]): 
PretrainedInit: load from open-mmlab://vgg16_caffe 

backbone.features.33.bias - torch.Size([1024]): 
PretrainedInit: load from open-mmlab://vgg16_caffe 

neck.l2_norm.weight - torch.Size([512]): 
ConstantInit: val=20, bias=0 

neck.extra_layers.0.0.conv.weight - torch.Size([256, 1024, 1, 1]): 
XavierInit: gain=1, distribution=uniform, bias=0 

neck.extra_layers.0.0.conv.bias - torch.Size([256]): 
The value is the same before and after calling `init_weights` of SingleStageDetector  

neck.extra_layers.0.1.conv.weight - torch.Size([512, 256, 3, 3]): 
XavierInit: gain=1, distribution=uniform, bias=0 

neck.extra_layers.0.1.conv.bias - torch.Size([512]): 
The value is the same before and after calling `init_weights` of SingleStageDetector  

neck.extra_layers.1.0.conv.weight - torch.Size([128, 512, 1, 1]): 
XavierInit: gain=1, distribution=uniform, bias=0 

neck.extra_layers.1.0.conv.bias - torch.Size([128]): 
The value is the same before and after calling `init_weights` of SingleStageDetector  

neck.extra_layers.1.1.conv.weight - torch.Size([256, 128, 3, 3]): 
XavierInit: gain=1, distribution=uniform, bias=0 

neck.extra_layers.1.1.conv.bias - torch.Size([256]): 
The value is the same before and after calling `init_weights` of SingleStageDetector  

neck.extra_layers.2.0.conv.weight - torch.Size([128, 256, 1, 1]): 
XavierInit: gain=1, distribution=uniform, bias=0 

neck.extra_layers.2.0.conv.bias - torch.Size([128]): 
The value is the same before and after calling `init_weights` of SingleStageDetector  

neck.extra_layers.2.1.conv.weight - torch.Size([256, 128, 3, 3]): 
XavierInit: gain=1, distribution=uniform, bias=0 

neck.extra_layers.2.1.conv.bias - torch.Size([256]): 
The value is the same before and after calling `init_weights` of SingleStageDetector  

neck.extra_layers.3.0.conv.weight - torch.Size([128, 256, 1, 1]): 
XavierInit: gain=1, distribution=uniform, bias=0 

neck.extra_layers.3.0.conv.bias - torch.Size([128]): 
The value is the same before and after calling `init_weights` of SingleStageDetector  

neck.extra_layers.3.1.conv.weight - torch.Size([256, 128, 3, 3]): 
XavierInit: gain=1, distribution=uniform, bias=0 

neck.extra_layers.3.1.conv.bias - torch.Size([256]): 
The value is the same before and after calling `init_weights` of SingleStageDetector  

bbox_head.cls_convs.0.0.weight - torch.Size([8, 512, 3, 3]): 
XavierInit: gain=1, distribution=uniform, bias=0 

bbox_head.cls_convs.0.0.bias - torch.Size([8]): 
XavierInit: gain=1, distribution=uniform, bias=0 

bbox_head.cls_convs.1.0.weight - torch.Size([12, 1024, 3, 3]): 
XavierInit: gain=1, distribution=uniform, bias=0 

bbox_head.cls_convs.1.0.bias - torch.Size([12]): 
XavierInit: gain=1, distribution=uniform, bias=0 

bbox_head.cls_convs.2.0.weight - torch.Size([12, 512, 3, 3]): 
XavierInit: gain=1, distribution=uniform, bias=0 

bbox_head.cls_convs.2.0.bias - torch.Size([12]): 
XavierInit: gain=1, distribution=uniform, bias=0 

bbox_head.cls_convs.3.0.weight - torch.Size([12, 256, 3, 3]): 
XavierInit: gain=1, distribution=uniform, bias=0 

bbox_head.cls_convs.3.0.bias - torch.Size([12]): 
XavierInit: gain=1, distribution=uniform, bias=0 

bbox_head.cls_convs.4.0.weight - torch.Size([8, 256, 3, 3]): 
XavierInit: gain=1, distribution=uniform, bias=0 

bbox_head.cls_convs.4.0.bias - torch.Size([8]): 
XavierInit: gain=1, distribution=uniform, bias=0 

bbox_head.cls_convs.5.0.weight - torch.Size([8, 256, 3, 3]): 
XavierInit: gain=1, distribution=uniform, bias=0 

bbox_head.cls_convs.5.0.bias - torch.Size([8]): 
XavierInit: gain=1, distribution=uniform, bias=0 

bbox_head.reg_convs.0.0.weight - torch.Size([16, 512, 3, 3]): 
XavierInit: gain=1, distribution=uniform, bias=0 

bbox_head.reg_convs.0.0.bias - torch.Size([16]): 
XavierInit: gain=1, distribution=uniform, bias=0 

bbox_head.reg_convs.1.0.weight - torch.Size([24, 1024, 3, 3]): 
XavierInit: gain=1, distribution=uniform, bias=0 

bbox_head.reg_convs.1.0.bias - torch.Size([24]): 
XavierInit: gain=1, distribution=uniform, bias=0 

bbox_head.reg_convs.2.0.weight - torch.Size([24, 512, 3, 3]): 
XavierInit: gain=1, distribution=uniform, bias=0 

bbox_head.reg_convs.2.0.bias - torch.Size([24]): 
XavierInit: gain=1, distribution=uniform, bias=0 

bbox_head.reg_convs.3.0.weight - torch.Size([24, 256, 3, 3]): 
XavierInit: gain=1, distribution=uniform, bias=0 

bbox_head.reg_convs.3.0.bias - torch.Size([24]): 
XavierInit: gain=1, distribution=uniform, bias=0 

bbox_head.reg_convs.4.0.weight - torch.Size([16, 256, 3, 3]): 
XavierInit: gain=1, distribution=uniform, bias=0 

bbox_head.reg_convs.4.0.bias - torch.Size([16]): 
XavierInit: gain=1, distribution=uniform, bias=0 

bbox_head.reg_convs.5.0.weight - torch.Size([16, 256, 3, 3]): 
XavierInit: gain=1, distribution=uniform, bias=0 

bbox_head.reg_convs.5.0.bias - torch.Size([16]): 
XavierInit: gain=1, distribution=uniform, bias=0 
2023-03-13 16:33:50,383 - mmdet - INFO - Automatic scaling of learning rate (LR) has been disabled.
2023-03-13 16:33:50,429 - mmdet - INFO - Start running, host: yuan3080@yuan3080-System-Product-Name, work_dir: /home/yuan3080/桌面/detection_paper_6/mmdetection-master1/mmdetection-master/configs/ssd_log_ssd300_coco
2023-03-13 16:33:50,429 - mmdet - INFO - Hooks will be executed in the following order:
before_run:
(VERY_HIGH   ) StepLrUpdaterHook                  
(NORMAL      ) CheckpointHook                     
(LOW         ) EvalHook                           
(VERY_LOW    ) TextLoggerHook                     
 -------------------- 
before_train_epoch:
(VERY_HIGH   ) StepLrUpdaterHook                  
(NORMAL      ) NumClassCheckHook                  
(LOW         ) IterTimerHook                      
(LOW         ) EvalHook                           
(VERY_LOW    ) TextLoggerHook                     
 -------------------- 
before_train_iter:
(VERY_HIGH   ) StepLrUpdaterHook                  
(LOW         ) IterTimerHook                      
(LOW         ) EvalHook                           
 -------------------- 
after_train_iter:
(ABOVE_NORMAL) OptimizerHook                      
(NORMAL      ) CheckpointHook                     
(LOW         ) IterTimerHook                      
(LOW         ) EvalHook                           
(VERY_LOW    ) TextLoggerHook                     
 -------------------- 
after_train_epoch:
(NORMAL      ) CheckpointHook                     
(LOW         ) EvalHook                           
(VERY_LOW    ) TextLoggerHook                     
 -------------------- 
before_val_epoch:
(NORMAL      ) NumClassCheckHook                  
(LOW         ) IterTimerHook                      
(VERY_LOW    ) TextLoggerHook                     
 -------------------- 
before_val_iter:
(LOW         ) IterTimerHook                      
 -------------------- 
after_val_iter:
(LOW         ) IterTimerHook                      
 -------------------- 
after_val_epoch:
(VERY_LOW    ) TextLoggerHook                     
 -------------------- 
after_run:
(VERY_LOW    ) TextLoggerHook                     
 -------------------- 
2023-03-13 16:33:50,429 - mmdet - INFO - workflow: [('train', 1)], max: 100 epochs
2023-03-13 16:33:50,429 - mmdet - INFO - Checkpoints will be saved to /home/yuan3080/桌面/detection_paper_6/mmdetection-master1/mmdetection-master/configs/ssd_log_ssd300_coco by HardDiskBackend.
2023-03-13 16:34:16,461 - mmdet - INFO - Epoch [1][50/10002]	lr: 9.890e-05, eta: 6 days, 0:37:45, time: 0.521, data_time: 0.046, memory: 7280, loss_cls: nan, loss_bbox: nan, loss: nan, grad_norm: nan
2023-03-13 16:34:37,158 - mmdet - INFO - Epoch [1][100/10002]	lr: 1.988e-04, eta: 5 days, 9:48:27, time: 0.414, data_time: 0.002, memory: 7292, loss_cls: nan, loss_bbox: nan, loss: nan, grad_norm: nan
2023-03-13 16:34:50,134 - mmdet - INFO - Epoch [1][150/10002]	lr: 2.987e-04, eta: 4 days, 14:33:55, time: 0.260, data_time: 0.002, memory: 7382, loss_cls: nan, loss_bbox: nan, loss: nan, grad_norm: nan
2023-03-13 16:34:58,149 - mmdet - INFO - Epoch [1][200/10002]	lr: 3.986e-04, eta: 3 days, 22:03:03, time: 0.160, data_time: 0.002, memory: 7382, loss_cls: nan, loss_bbox: nan, loss: nan, grad_norm: nan
2023-03-13 16:35:05,791 - mmdet - INFO - Epoch [1][250/10002]	lr: 4.985e-04, eta: 3 days, 11:43:40, time: 0.153, data_time: 0.002, memory: 7382, loss_cls: nan, loss_bbox: nan, loss: nan, grad_norm: nan
2023-03-13 16:35:14,309 - mmdet - INFO - Epoch [1][300/10002]	lr: 5.984e-04, eta: 3 days, 5:39:20, time: 0.170, data_time: 0.003, memory: 7382, loss_cls: nan, loss_bbox: nan, loss: nan, grad_norm: nan
2023-03-13 16:35:22,638 - mmdet - INFO - Epoch [1][350/10002]	lr: 6.983e-04, eta: 3 days, 1:10:04, time: 0.167, data_time: 0.002, memory: 7382, loss_cls: nan, loss_bbox: nan, loss: nan, grad_norm: nan
2023-03-13 16:35:29,877 - mmdet - INFO - Epoch [1][400/10002]	lr: 7.982e-04, eta: 2 days, 21:02:40, time: 0.145, data_time: 0.002, memory: 7382, loss_cls: nan, loss_bbox: nan, loss: nan, grad_norm: nan
2023-03-13 16:35:39,334 - mmdet - INFO - Epoch [1][450/10002]	lr: 8.981e-04, eta: 2 days, 19:12:22, time: 0.189, data_time: 0.002, memory: 7688, loss_cls: nan, loss_bbox: nan, loss: nan, grad_norm: nan
2023-03-13 16:35:51,018 - mmdet - INFO - Epoch [1][500/10002]	lr: 9.980e-04, eta: 2 days, 18:58:17, time: 0.234, data_time: 0.002, memory: 7688, loss_cls: nan, loss_bbox: nan, loss: nan, grad_norm: nan
2023-03-13 16:35:59,800 - mmdet - INFO - Epoch [1][550/10002]	lr: 1.000e-03, eta: 2 days, 17:18:50, time: 0.176, data_time: 0.002, memory: 7688, loss_cls: nan, loss_bbox: nan, loss: nan, grad_norm: nan
2023-03-13 16:36:07,125 - mmdet - INFO - Epoch [1][600/10002]	lr: 1.000e-03, eta: 2 days, 15:15:27, time: 0.146, data_time: 0.002, memory: 7688, loss_cls: nan, loss_bbox: nan, loss: nan, grad_norm: nan
2023-03-13 16:36:15,699 - mmdet - INFO - Epoch [1][650/10002]	lr: 1.000e-03, eta: 2 days, 14:03:04, time: 0.171, data_time: 0.003, memory: 7688, loss_cls: nan, loss_bbox: nan, loss: nan, grad_norm: nan
2023-03-13 16:36:22,763 - mmdet - INFO - Epoch [1][700/10002]	lr: 1.000e-03, eta: 2 days, 12:25:03, time: 0.141, data_time: 0.002, memory: 7688, loss_cls: nan, loss_bbox: nan, loss: nan, grad_norm: nan
2023-03-13 16:36:29,862 - mmdet - INFO - Epoch [1][750/10002]	lr: 1.000e-03, eta: 2 days, 11:00:53, time: 0.142, data_time: 0.002, memory: 7688, loss_cls: nan, loss_bbox: nan, loss: nan, grad_norm: nan
2023-03-13 16:36:36,889 - mmdet - INFO - Epoch [1][800/10002]	lr: 1.000e-03, eta: 2 days, 9:45:43, time: 0.141, data_time: 0.002, memory: 7688, loss_cls: nan, loss_bbox: nan, loss: nan, grad_norm: nan
2023-03-13 16:36:42,646 - mmdet - INFO - Epoch [1][850/10002]	lr: 1.000e-03, eta: 2 days, 8:14:30, time: 0.115, data_time: 0.002, memory: 7688, loss_cls: nan, loss_bbox: nan, loss: nan, grad_norm: nan
2023-03-13 16:36:51,088 - mmdet - INFO - Epoch [1][900/10002]	lr: 1.000e-03, eta: 2 days, 7:43:05, time: 0.169, data_time: 0.003, memory: 7688, loss_cls: nan, loss_bbox: nan, loss: nan, grad_norm: nan
2023-03-13 16:37:00,745 - mmdet - INFO - Epoch [1][950/10002]	lr: 1.000e-03, eta: 2 days, 7:36:16, time: 0.193, data_time: 0.003, memory: 7688, loss_cls: nan, loss_bbox: nan, loss: nan, grad_norm: nan
2023-03-13 16:37:06,705 - mmdet - INFO - Exp name: ssd300_coco.py
2023-03-13 16:37:06,705 - mmdet - INFO - Epoch [1][1000/10002]	lr: 1.000e-03, eta: 2 days, 6:28:33, time: 0.119, data_time: 0.003, memory: 7688, loss_cls: nan, loss_bbox: nan, loss: nan, grad_norm: nan
2023-03-13 16:37:13,882 - mmdet - INFO - Epoch [1][1050/10002]	lr: 1.000e-03, eta: 2 days, 5:46:34, time: 0.144, data_time: 0.003, memory: 7688, loss_cls: nan, loss_bbox: nan, loss: nan, grad_norm: nan
2023-03-13 16:37:21,777 - mmdet - INFO - Epoch [1][1100/10002]	lr: 1.000e-03, eta: 2 days, 5:19:15, time: 0.158, data_time: 0.002, memory: 7688, loss_cls: nan, loss_bbox: nan, loss: nan, grad_norm: nan
2023-03-13 16:37:27,812 - mmdet - INFO - Epoch [1][1150/10002]	lr: 1.000e-03, eta: 2 days, 4:27:23, time: 0.121, data_time: 0.002, memory: 7688, loss_cls: nan, loss_bbox: nan, loss: nan, grad_norm: nan
2023-03-13 16:37:36,127 - mmdet - INFO - Epoch [1][1200/10002]	lr: 1.000e-03, eta: 2 days, 4:11:28, time: 0.166, data_time: 0.002, memory: 7688, loss_cls: nan, loss_bbox: nan, loss: nan, grad_norm: nan
2023-03-13 16:37:41,968 - mmdet - INFO - Epoch [1][1250/10002]	lr: 1.000e-03, eta: 2 days, 3:23:51, time: 0.117, data_time: 0.002, memory: 7688, loss_cls: nan, loss_bbox: nan, loss: nan, grad_norm: nan
2023-03-13 16:37:47,756 - mmdet - INFO - Epoch [1][1300/10002]	lr: 1.000e-03, eta: 2 days, 2:39:12, time: 0.116, data_time: 0.003, memory: 7688, loss_cls: nan, loss_bbox: nan, loss: nan, grad_norm: nan
2023-03-13 16:37:55,184 - mmdet - INFO - Epoch [1][1350/10002]	lr: 1.000e-03, eta: 2 days, 2:18:06, time: 0.149, data_time: 0.003, memory: 7688, loss_cls: nan, loss_bbox: nan, loss: nan, grad_norm: nan
2023-03-13 16:38:01,185 - mmdet - INFO - Epoch [1][1400/10002]	lr: 1.000e-03, eta: 2 days, 1:41:31, time: 0.120, data_time: 0.003, memory: 7688, loss_cls: nan, loss_bbox: nan, loss: nan, grad_norm: nan
2023-03-13 16:38:09,421 - mmdet - INFO - Epoch [1][1450/10002]	lr: 1.000e-03, eta: 2 days, 1:33:06, time: 0.165, data_time: 0.003, memory: 7688, loss_cls: nan, loss_bbox: nan, loss: nan, grad_norm: nan
2023-03-13 16:38:16,714 - mmdet - INFO - Epoch [1][1500/10002]	lr: 1.000e-03, eta: 2 days, 1:14:47, time: 0.146, data_time: 0.003, memory: 7688, loss_cls: nan, loss_bbox: nan, loss: nan, grad_norm: nan
2023-03-13 16:38:27,598 - mmdet - INFO - Epoch [1][1550/10002]	lr: 1.000e-03, eta: 2 days, 1:36:12, time: 0.218, data_time: 0.002, memory: 7688, loss_cls: nan, loss_bbox: nan, loss: nan, grad_norm: nan
2023-03-13 16:38:34,681 - mmdet - INFO - Epoch [1][1600/10002]	lr: 1.000e-03, eta: 2 days, 1:16:43, time: 0.142, data_time: 0.003, memory: 7688, loss_cls: nan, loss_bbox: nan, loss: nan, grad_norm: nan
2023-03-13 16:38:41,362 - mmdet - INFO - Epoch [1][1650/10002]	lr: 1.000e-03, eta: 2 days, 0:54:22, time: 0.134, data_time: 0.002, memory: 7688, loss_cls: nan, loss_bbox: nan, loss: nan, grad_norm: nan
2023-03-13 16:38:48,297 - mmdet - INFO - Epoch [1][1700/10002]	lr: 1.000e-03, eta: 2 days, 0:35:48, time: 0.139, data_time: 0.002, memory: 7688, loss_cls: nan, loss_bbox: nan, loss: nan, grad_norm: nan
2023-03-13 16:38:55,284 - mmdet - INFO - Epoch [1][1750/10002]	lr: 1.000e-03, eta: 2 days, 0:18:48, time: 0.140, data_time: 0.002, memory: 7688, loss_cls: nan, loss_bbox: nan, loss: nan, grad_norm: nan
2023-03-13 16:39:02,495 - mmdet - INFO - Epoch [1][1800/10002]	lr: 1.000e-03, eta: 2 days, 0:04:47, time: 0.144, data_time: 0.002, memory: 7688, loss_cls: nan, loss_bbox: nan, loss: nan, grad_norm: nan
2023-03-13 16:39:09,430 - mmdet - INFO - Epoch [1][1850/10002]	lr: 1.000e-03, eta: 1 day, 23:49:03, time: 0.139, data_time: 0.003, memory: 7688, loss_cls: nan, loss_bbox: nan, loss: nan, grad_norm: nan
2023-03-13 16:39:16,924 - mmdet - INFO - Epoch [1][1900/10002]	lr: 1.000e-03, eta: 1 day, 23:39:02, time: 0.150, data_time: 0.003, memory: 7688, loss_cls: nan, loss_bbox: nan, loss: nan, grad_norm: nan
2023-03-13 16:39:22,861 - mmdet - INFO - Epoch [1][1950/10002]	lr: 1.000e-03, eta: 1 day, 23:16:15, time: 0.119, data_time: 0.002, memory: 7688, loss_cls: nan, loss_bbox: nan, loss: nan, grad_norm: nan
2023-03-13 16:39:28,917 - mmdet - INFO - Exp name: ssd300_coco.py
2023-03-13 16:39:28,917 - mmdet - INFO - Epoch [1][2000/10002]	lr: 1.000e-03, eta: 1 day, 22:55:34, time: 0.121, data_time: 0.003, memory: 7688, loss_cls: nan, loss_bbox: nan, loss: nan, grad_norm: nan
2023-03-13 16:39:37,553 - mmdet - INFO - Epoch [1][2050/10002]	lr: 1.000e-03, eta: 1 day, 22:56:50, time: 0.173, data_time: 0.003, memory: 7688, loss_cls: nan, loss_bbox: nan, loss: nan, grad_norm: nan
2023-03-13 16:39:45,244 - mmdet - INFO - Epoch [1][2100/10002]	lr: 1.000e-03, eta: 1 day, 22:50:33, time: 0.154, data_time: 0.003, memory: 7688, loss_cls: nan, loss_bbox: nan, loss: nan, grad_norm: nan
2023-03-13 16:39:50,967 - mmdet - INFO - Epoch [1][2150/10002]	lr: 1.000e-03, eta: 1 day, 22:29:20, time: 0.114, data_time: 0.002, memory: 7688, loss_cls: nan, loss_bbox: nan, loss: nan, grad_norm: nan
2023-03-13 16:39:57,089 - mmdet - INFO - Epoch [1][2200/10002]	lr: 1.000e-03, eta: 1 day, 22:12:06, time: 0.122, data_time: 0.003, memory: 7688, loss_cls: nan, loss_bbox: nan, loss: nan, grad_norm: nan
2023-03-13 16:40:03,041 - mmdet - INFO - Epoch [1][2250/10002]	lr: 1.000e-03, eta: 1 day, 21:54:21, time: 0.119, data_time: 0.003, memory: 7688, loss_cls: nan, loss_bbox: nan, loss: nan, grad_norm: nan
2023-03-13 16:40:10,692 - mmdet - INFO - Epoch [1][2300/10002]	lr: 1.000e-03, eta: 1 day, 21:49:40, time: 0.153, data_time: 0.002, memory: 7688, loss_cls: nan, loss_bbox: nan, loss: nan, grad_norm: nan
2023-03-13 16:40:17,955 - mmdet - INFO - Epoch [1][2350/10002]	lr: 1.000e-03, eta: 1 day, 21:42:25, time: 0.145, data_time: 0.003, memory: 7688, loss_cls: nan, loss_bbox: nan, loss: nan, grad_norm: nan
2023-03-13 16:40:25,627 - mmdet - INFO - Epoch [1][2400/10002]	lr: 1.000e-03, eta: 1 day, 21:38:19, time: 0.153, data_time: 0.003, memory: 7688, loss_cls: nan, loss_bbox: nan, loss: nan, grad_norm: nan
2023-03-13 16:40:31,598 - mmdet - INFO - Epoch [1][2450/10002]	lr: 1.000e-03, eta: 1 day, 21:22:49, time: 0.119, data_time: 0.003, memory: 7688, loss_cls: nan, loss_bbox: nan, loss: nan, grad_norm: nan
2023-03-13 16:40:38,958 - mmdet - INFO - Epoch [1][2500/10002]	lr: 1.000e-03, eta: 1 day, 21:17:11, time: 0.147, data_time: 0.002, memory: 7688, loss_cls: nan, loss_bbox: nan, loss: nan, grad_norm: nan
2023-03-13 16:40:47,212 - mmdet - INFO - Epoch [1][2550/10002]	lr: 1.000e-03, eta: 1 day, 21:17:35, time: 0.165, data_time: 0.003, memory: 7688, loss_cls: nan, loss_bbox: nan, loss: nan, grad_norm: nan
2023-03-13 16:40:53,174 - mmdet - INFO - Epoch [1][2600/10002]	lr: 1.000e-03, eta: 1 day, 21:03:19, time: 0.119, data_time: 0.003, memory: 7688, loss_cls: nan, loss_bbox: nan, loss: nan, grad_norm: nan
2023-03-13 16:41:00,876 - mmdet - INFO - Epoch [1][2650/10002]	lr: 1.000e-03, eta: 1 day, 21:00:30, time: 0.154, data_time: 0.003, memory: 7688, loss_cls: nan, loss_bbox: nan, loss: nan, grad_norm: nan
2023-03-13 16:41:08,192 - mmdet - INFO - Epoch [1][2700/10002]	lr: 1.000e-03, eta: 1 day, 20:55:24, time: 0.146, data_time: 0.003, memory: 7688, loss_cls: nan, loss_bbox: nan, loss: nan, grad_norm: nan
2023-03-13 16:41:16,336 - mmdet - INFO - Epoch [1][2750/10002]	lr: 1.000e-03, eta: 1 day, 20:55:30, time: 0.163, data_time: 0.003, memory: 7688, loss_cls: nan, loss_bbox: nan, loss: nan, grad_norm: nan
2023-03-13 16:41:23,510 - mmdet - INFO - Epoch [1][2800/10002]	lr: 1.000e-03, eta: 1 day, 20:49:49, time: 0.143, data_time: 0.003, memory: 7688, loss_cls: nan, loss_bbox: nan, loss: nan, grad_norm: nan
2023-03-13 16:41:30,632 - mmdet - INFO - Epoch [1][2850/10002]	lr: 1.000e-03, eta: 1 day, 20:44:02, time: 0.142, data_time: 0.003, memory: 7688, loss_cls: nan, loss_bbox: nan, loss: nan, grad_norm: nan
2023-03-13 16:41:36,602 - mmdet - INFO - Epoch [1][2900/10002]	lr: 1.000e-03, eta: 1 day, 20:31:50, time: 0.119, data_time: 0.002, memory: 7688, loss_cls: nan, loss_bbox: nan, loss: nan, grad_norm: nan
2023-03-13 16:41:42,591 - mmdet - INFO - Epoch [1][2950/10002]	lr: 1.000e-03, eta: 1 day, 20:20:10, time: 0.120, data_time: 0.003, memory: 7688, loss_cls: nan, loss_bbox: nan, loss: nan, grad_norm: nan
2023-03-13 16:41:50,642 - mmdet - INFO - Exp name: ssd300_coco.py
2023-03-13 16:41:50,642 - mmdet - INFO - Epoch [1][3000/10002]	lr: 1.000e-03, eta: 1 day, 20:20:18, time: 0.161, data_time: 0.002, memory: 7688, loss_cls: nan, loss_bbox: nan, loss: nan, grad_norm: nan
2023-03-13 16:41:56,519 - mmdet - INFO - Epoch [1][3050/10002]	lr: 1.000e-03, eta: 1 day, 20:08:35, time: 0.118, data_time: 0.002, memory: 7688, loss_cls: nan, loss_bbox: nan, loss: nan, grad_norm: nan
2023-03-13 16:42:02,521 - mmdet - INFO - Epoch [1][3100/10002]	lr: 1.000e-03, eta: 1 day, 19:57:54, time: 0.120, data_time: 0.003, memory: 7688, loss_cls: nan, loss_bbox: nan, loss: nan, grad_norm: nan
2023-03-13 16:42:08,466 - mmdet - INFO - Epoch [1][3150/10002]	lr: 1.000e-03, eta: 1 day, 19:47:16, time: 0.119, data_time: 0.002, memory: 7688, loss_cls: nan, loss_bbox: nan, loss: nan, grad_norm: nan
2023-03-13 16:42:14,341 - mmdet - INFO - Epoch [1][3200/10002]	lr: 1.000e-03, eta: 1 day, 19:36:35, time: 0.117, data_time: 0.003, memory: 7688, loss_cls: nan, loss_bbox: nan, loss: nan, grad_norm: nan
2023-03-13 16:42:21,184 - mmdet - INFO - Epoch [1][3250/10002]	lr: 1.000e-03, eta: 1 day, 19:31:11, time: 0.137, data_time: 0.002, memory: 7688, loss_cls: nan, loss_bbox: nan, loss: nan, grad_norm: nan
2023-03-13 16:42:28,366 - mmdet - INFO - Epoch [1][3300/10002]	lr: 1.000e-03, eta: 1 day, 19:27:39, time: 0.144, data_time: 0.003, memory: 7688, loss_cls: nan, loss_bbox: nan, loss: nan, grad_norm: nan
2023-03-13 16:42:34,362 - mmdet - INFO - Epoch [1][3350/10002]	lr: 1.000e-03, eta: 1 day, 19:18:21, time: 0.120, data_time: 0.003, memory: 7688, loss_cls: nan, loss_bbox: nan, loss: nan, grad_norm: nan
2023-03-13 16:42:40,239 - mmdet - INFO - Epoch [1][3400/10002]	lr: 1.000e-03, eta: 1 day, 19:08:43, time: 0.118, data_time: 0.002, memory: 7688, loss_cls: nan, loss_bbox: nan, loss: nan, grad_norm: nan
2023-03-13 16:42:47,856 - mmdet - INFO - Epoch [1][3450/10002]	lr: 1.000e-03, eta: 1 day, 19:07:45, time: 0.152, data_time: 0.003, memory: 7688, loss_cls: nan, loss_bbox: nan, loss: nan, grad_norm: nan
2023-03-13 16:42:53,829 - mmdet - INFO - Epoch [1][3500/10002]	lr: 1.000e-03, eta: 1 day, 18:59:00, time: 0.119, data_time: 0.003, memory: 7688, loss_cls: nan, loss_bbox: nan, loss: nan, grad_norm: nan
2023-03-13 16:42:59,733 - mmdet - INFO - Epoch [1][3550/10002]	lr: 1.000e-03, eta: 1 day, 18:50:10, time: 0.118, data_time: 0.003, memory: 7688, loss_cls: nan, loss_bbox: nan, loss: nan, grad_norm: nan
2023-03-13 16:43:05,651 - mmdet - INFO - Epoch [1][3600/10002]	lr: 1.000e-03, eta: 1 day, 18:41:39, time: 0.118, data_time: 0.003, memory: 7688, loss_cls: nan, loss_bbox: nan, loss: nan, grad_norm: nan
2023-03-13 16:43:14,674 - mmdet - INFO - Epoch [1][3650/10002]	lr: 1.000e-03, eta: 1 day, 18:47:30, time: 0.180, data_time: 0.003, memory: 7688, loss_cls: nan, loss_bbox: nan, loss: nan, grad_norm: nan
2023-03-13 16:43:21,447 - mmdet - INFO - Epoch [1][3700/10002]	lr: 1.000e-03, eta: 1 day, 18:43:04, time: 0.135, data_time: 0.002, memory: 7688, loss_cls: nan, loss_bbox: nan, loss: nan, grad_norm: nan
2023-03-13 16:43:27,318 - mmdet - INFO - Epoch [1][3750/10002]	lr: 1.000e-03, eta: 1 day, 18:34:46, time: 0.117, data_time: 0.003, memory: 7688, loss_cls: nan, loss_bbox: nan, loss: nan, grad_norm: nan
2023-03-13 16:43:35,686 - mmdet - INFO - Epoch [1][3800/10002]	lr: 1.000e-03, eta: 1 day, 18:37:36, time: 0.167, data_time: 0.003, memory: 7688, loss_cls: nan, loss_bbox: nan, loss: nan, grad_norm: nan
2023-03-13 16:43:41,609 - mmdet - INFO - Epoch [1][3850/10002]	lr: 1.000e-03, eta: 1 day, 18:29:48, time: 0.118, data_time: 0.002, memory: 7688, loss_cls: nan, loss_bbox: nan, loss: nan, grad_norm: nan
2023-03-13 16:43:48,495 - mmdet - INFO - Epoch [1][3900/10002]	lr: 1.000e-03, eta: 1 day, 18:26:18, time: 0.138, data_time: 0.003, memory: 7688, loss_cls: nan, loss_bbox: nan, loss: nan, grad_norm: nan
2023-03-13 16:43:54,466 - mmdet - INFO - Epoch [1][3950/10002]	lr: 1.000e-03, eta: 1 day, 18:19:03, time: 0.119, data_time: 0.003, memory: 7688, loss_cls: nan, loss_bbox: nan, loss: nan, grad_norm: nan
2023-03-13 16:44:00,451 - mmdet - INFO - Exp name: ssd300_coco.py
2023-03-13 16:44:00,452 - mmdet - INFO - Epoch [1][4000/10002]	lr: 1.000e-03, eta: 1 day, 18:12:02, time: 0.120, data_time: 0.003, memory: 7688, loss_cls: nan, loss_bbox: nan, loss: nan, grad_norm: nan
2023-03-13 16:44:06,427 - mmdet - INFO - Epoch [1][4050/10002]	lr: 1.000e-03, eta: 1 day, 18:05:08, time: 0.120, data_time: 0.003, memory: 7688, loss_cls: nan, loss_bbox: nan, loss: nan, grad_norm: nan
2023-03-13 16:44:14,299 - mmdet - INFO - Epoch [1][4100/10002]	lr: 1.000e-03, eta: 1 day, 18:06:06, time: 0.157, data_time: 0.003, memory: 7688, loss_cls: nan, loss_bbox: nan, loss: nan, grad_norm: nan
2023-03-13 16:44:21,652 - mmdet - INFO - Epoch [1][4150/10002]	lr: 1.000e-03, eta: 1 day, 18:04:57, time: 0.147, data_time: 0.003, memory: 7688, loss_cls: nan, loss_bbox: nan, loss: nan, grad_norm: nan
2023-03-13 16:44:29,081 - mmdet - INFO - Epoch [1][4200/10002]	lr: 1.000e-03, eta: 1 day, 18:04:07, time: 0.149, data_time: 0.002, memory: 7688, loss_cls: nan, loss_bbox: nan, loss: nan, grad_norm: nan
2023-03-13 16:44:35,068 - mmdet - INFO - Epoch [1][4250/10002]	lr: 1.000e-03, eta: 1 day, 17:57:41, time: 0.120, data_time: 0.002, memory: 7688, loss_cls: nan, loss_bbox: nan, loss: nan, grad_norm: nan
2023-03-13 16:44:40,890 - mmdet - INFO - Epoch [1][4300/10002]	lr: 1.000e-03, eta: 1 day, 17:50:45, time: 0.116, data_time: 0.003, memory: 7688, loss_cls: nan, loss_bbox: nan, loss: nan, grad_norm: nan
2023-03-13 16:44:50,005 - mmdet - INFO - Epoch [1][4350/10002]	lr: 1.000e-03, eta: 1 day, 17:56:33, time: 0.182, data_time: 0.003, memory: 7688, loss_cls: nan, loss_bbox: nan, loss: nan, grad_norm: nan
2023-03-13 16:44:56,017 - mmdet - INFO - Epoch [1][4400/10002]	lr: 1.000e-03, eta: 1 day, 17:50:30, time: 0.120, data_time: 0.003, memory: 7688, loss_cls: nan, loss_bbox: nan, loss: nan, grad_norm: nan
2023-03-13 16:45:01,832 - mmdet - INFO - Epoch [1][4450/10002]	lr: 1.000e-03, eta: 1 day, 17:43:51, time: 0.116, data_time: 0.003, memory: 7688, loss_cls: nan, loss_bbox: nan, loss: nan, grad_norm: nan
2023-03-13 16:45:07,912 - mmdet - INFO - Epoch [1][4500/10002]	lr: 1.000e-03, eta: 1 day, 17:38:20, time: 0.122, data_time: 0.003, memory: 7688, loss_cls: nan, loss_bbox: nan, loss: nan, grad_norm: nan
2023-03-13 16:45:13,959 - mmdet - INFO - Epoch [1][4550/10002]	lr: 1.000e-03, eta: 1 day, 17:32:48, time: 0.121, data_time: 0.003, memory: 7688, loss_cls: nan, loss_bbox: nan, loss: nan, grad_norm: nan
2023-03-13 16:45:19,929 - mmdet - INFO - Epoch [1][4600/10002]	lr: 1.000e-03, eta: 1 day, 17:27:07, time: 0.119, data_time: 0.002, memory: 7688, loss_cls: nan, loss_bbox: nan, loss: nan, grad_norm: nan
2023-03-13 16:45:25,811 - mmdet - INFO - Epoch [1][4650/10002]	lr: 1.000e-03, eta: 1 day, 17:21:15, time: 0.118, data_time: 0.002, memory: 7688, loss_cls: nan, loss_bbox: nan, loss: nan, grad_norm: nan
2023-03-13 16:45:31,695 - mmdet - INFO - Epoch [1][4700/10002]	lr: 1.000e-03, eta: 1 day, 17:15:30, time: 0.118, data_time: 0.002, memory: 7688, loss_cls: nan, loss_bbox: nan, loss: nan, grad_norm: nan
2023-03-13 16:45:38,828 - mmdet - INFO - Epoch [1][4750/10002]	lr: 1.000e-03, eta: 1 day, 17:14:14, time: 0.143, data_time: 0.003, memory: 7688, loss_cls: nan, loss_bbox: nan, loss: nan, grad_norm: nan
2023-03-13 16:45:45,902 - mmdet - INFO - Epoch [1][4800/10002]	lr: 1.000e-03, eta: 1 day, 17:12:47, time: 0.141, data_time: 0.002, memory: 7688, loss_cls: nan, loss_bbox: nan, loss: nan, grad_norm: nan
2023-03-13 16:45:52,012 - mmdet - INFO - Epoch [1][4850/10002]	lr: 1.000e-03, eta: 1 day, 17:08:04, time: 0.122, data_time: 0.003, memory: 7688, loss_cls: nan, loss_bbox: nan, loss: nan, grad_norm: nan
2023-03-13 16:45:59,329 - mmdet - INFO - Epoch [1][4900/10002]	lr: 1.000e-03, eta: 1 day, 17:07:32, time: 0.146, data_time: 0.003, memory: 7688, loss_cls: nan, loss_bbox: nan, loss: nan, grad_norm: nan
2023-03-13 16:46:06,237 - mmdet - INFO - Epoch [1][4950/10002]	lr: 1.000e-03, eta: 1 day, 17:05:38, time: 0.138, data_time: 0.003, memory: 7688, loss_cls: nan, loss_bbox: nan, loss: nan, grad_norm: nan
2023-03-13 16:46:12,078 - mmdet - INFO - Exp name: ssd300_coco.py
2023-03-13 16:46:12,078 - mmdet - INFO - Epoch [1][5000/10002]	lr: 1.000e-03, eta: 1 day, 17:00:13, time: 0.117, data_time: 0.003, memory: 7688, loss_cls: nan, loss_bbox: nan, loss: nan, grad_norm: nan
2023-03-13 16:46:20,920 - mmdet - INFO - Epoch [1][5050/10002]	lr: 1.000e-03, eta: 1 day, 17:04:47, time: 0.177, data_time: 0.003, memory: 7688, loss_cls: nan, loss_bbox: nan, loss: nan, grad_norm: nan
2023-03-13 16:46:28,502 - mmdet - INFO - Epoch [1][5100/10002]	lr: 1.000e-03, eta: 1 day, 17:05:09, time: 0.152, data_time: 0.003, memory: 7688, loss_cls: nan, loss_bbox: nan, loss: nan, grad_norm: nan
2023-03-13 16:46:34,406 - mmdet - INFO - Epoch [1][5150/10002]	lr: 1.000e-03, eta: 1 day, 17:00:06, time: 0.118, data_time: 0.003, memory: 7688, loss_cls: nan, loss_bbox: nan, loss: nan, grad_norm: nan
2023-03-13 16:46:40,246 - mmdet - INFO - Epoch [1][5200/10002]	lr: 1.000e-03, eta: 1 day, 16:54:57, time: 0.117, data_time: 0.003, memory: 7688, loss_cls: nan, loss_bbox: nan, loss: nan, grad_norm: nan
2023-03-13 16:46:46,288 - mmdet - INFO - Epoch [1][5250/10002]	lr: 1.000e-03, eta: 1 day, 16:50:32, time: 0.121, data_time: 0.003, memory: 7688, loss_cls: nan, loss_bbox: nan, loss: nan, grad_norm: nan
2023-03-13 16:46:52,126 - mmdet - INFO - Epoch [1][5300/10002]	lr: 1.000e-03, eta: 1 day, 16:45:33, time: 0.117, data_time: 0.003, memory: 7688, loss_cls: nan, loss_bbox: nan, loss: nan, grad_norm: nan
2023-03-13 16:46:59,385 - mmdet - INFO - Epoch [1][5350/10002]	lr: 1.000e-03, eta: 1 day, 16:45:05, time: 0.145, data_time: 0.003, memory: 7688, loss_cls: nan, loss_bbox: nan, loss: nan, grad_norm: nan
2023-03-13 16:47:05,420 - mmdet - INFO - Epoch [1][5400/10002]	lr: 1.000e-03, eta: 1 day, 16:40:51, time: 0.121, data_time: 0.003, memory: 7688, loss_cls: nan, loss_bbox: nan, loss: nan, grad_norm: nan
2023-03-13 16:47:11,345 - mmdet - INFO - Epoch [1][5450/10002]	lr: 1.000e-03, eta: 1 day, 16:36:21, time: 0.118, data_time: 0.003, memory: 7688, loss_cls: nan, loss_bbox: nan, loss: nan, grad_norm: nan
2023-03-13 16:47:17,293 - mmdet - INFO - Epoch [1][5500/10002]	lr: 1.000e-03, eta: 1 day, 16:32:01, time: 0.119, data_time: 0.003, memory: 7688, loss_cls: nan, loss_bbox: nan, loss: nan, grad_norm: nan
2023-03-13 16:47:24,252 - mmdet - INFO - Epoch [1][5550/10002]	lr: 1.000e-03, eta: 1 day, 16:30:46, time: 0.139, data_time: 0.003, memory: 7688, loss_cls: nan, loss_bbox: nan, loss: nan, grad_norm: nan
2023-03-13 16:47:30,121 - mmdet - INFO - Epoch [1][5600/10002]	lr: 1.000e-03, eta: 1 day, 16:26:19, time: 0.117, data_time: 0.003, memory: 7688, loss_cls: nan, loss_bbox: nan, loss: nan, grad_norm: nan
2023-03-13 16:47:38,326 - mmdet - INFO - Epoch [1][5650/10002]	lr: 1.000e-03, eta: 1 day, 16:28:48, time: 0.164, data_time: 0.003, memory: 7688, loss_cls: nan, loss_bbox: nan, loss: nan, grad_norm: nan
2023-03-13 16:47:44,347 - mmdet - INFO - Epoch [1][5700/10002]	lr: 1.000e-03, eta: 1 day, 16:24:52, time: 0.120, data_time: 0.003, memory: 7688, loss_cls: nan, loss_bbox: nan, loss: nan, grad_norm: nan
2023-03-13 16:47:50,222 - mmdet - INFO - Epoch [1][5750/10002]	lr: 1.000e-03, eta: 1 day, 16:20:36, time: 0.117, data_time: 0.003, memory: 7688, loss_cls: nan, loss_bbox: nan, loss: nan, grad_norm: nan
2023-03-13 16:47:56,208 - mmdet - INFO - Epoch [1][5800/10002]	lr: 1.000e-03, eta: 1 day, 16:16:43, time: 0.120, data_time: 0.003, memory: 7688, loss_cls: nan, loss_bbox: nan, loss: nan, grad_norm: nan
2023-03-13 16:48:02,113 - mmdet - INFO - Epoch [1][5850/10002]	lr: 1.000e-03, eta: 1 day, 16:12:40, time: 0.118, data_time: 0.003, memory: 7688, loss_cls: nan, loss_bbox: nan, loss: nan, grad_norm: nan
2023-03-13 16:48:08,008 - mmdet - INFO - Epoch [1][5900/10002]	lr: 1.000e-03, eta: 1 day, 16:08:39, time: 0.118, data_time: 0.003, memory: 7688, loss_cls: nan, loss_bbox: nan, loss: nan, grad_norm: nan
2023-03-13 16:48:13,897 - mmdet - INFO - Epoch [1][5950/10002]	lr: 1.000e-03, eta: 1 day, 16:04:42, time: 0.118, data_time: 0.003, memory: 7688, loss_cls: nan, loss_bbox: nan, loss: nan, grad_norm: nan
2023-03-13 16:48:19,946 - mmdet - INFO - Exp name: ssd300_coco.py
2023-03-13 16:48:19,947 - mmdet - INFO - Epoch [1][6000/10002]	lr: 1.000e-03, eta: 1 day, 16:01:15, time: 0.121, data_time: 0.003, memory: 7688, loss_cls: nan, loss_bbox: nan, loss: nan, grad_norm: nan
2023-03-13 16:48:27,014 - mmdet - INFO - Epoch [1][6050/10002]	lr: 1.000e-03, eta: 1 day, 16:00:38, time: 0.141, data_time: 0.003, memory: 7688, loss_cls: nan, loss_bbox: nan, loss: nan, grad_norm: nan
2023-03-13 16:48:34,168 - mmdet - INFO - Epoch [1][6100/10002]	lr: 1.000e-03, eta: 1 day, 16:00:16, time: 0.143, data_time: 0.003, memory: 7688, loss_cls: nan, loss_bbox: nan, loss: nan, grad_norm: nan
2023-03-13 16:48:40,074 - mmdet - INFO - Epoch [1][6150/10002]	lr: 1.000e-03, eta: 1 day, 15:56:33, time: 0.118, data_time: 0.003, memory: 7688, loss_cls: nan, loss_bbox: nan, loss: nan, grad_norm: nan
2023-03-13 16:48:47,005 - mmdet - INFO - Epoch [1][6200/10002]	lr: 1.000e-03, eta: 1 day, 15:55:37, time: 0.139, data_time: 0.003, memory: 7688, loss_cls: nan, loss_bbox: nan, loss: nan, grad_norm: nan
2023-03-13 16:48:52,905 - mmdet - INFO - Epoch [1][6250/10002]	lr: 1.000e-03, eta: 1 day, 15:51:58, time: 0.118, data_time: 0.003, memory: 7688, loss_cls: nan, loss_bbox: nan, loss: nan, grad_norm: nan
2023-03-13 16:48:58,774 - mmdet - INFO - Epoch [1][6300/10002]	lr: 1.000e-03, eta: 1 day, 15:48:18, time: 0.117, data_time: 0.003, memory: 7688, loss_cls: nan, loss_bbox: nan, loss: nan, grad_norm: nan
2023-03-13 16:49:04,785 - mmdet - INFO - Epoch [1][6350/10002]	lr: 1.000e-03, eta: 1 day, 15:45:03, time: 0.120, data_time: 0.003, memory: 7688, loss_cls: nan, loss_bbox: nan, loss: nan, grad_norm: nan
2023-03-13 16:49:10,742 - mmdet - INFO - Epoch [1][6400/10002]	lr: 1.000e-03, eta: 1 day, 15:41:43, time: 0.119, data_time: 0.003, memory: 7688, loss_cls: nan, loss_bbox: nan, loss: nan, grad_norm: nan
2023-03-13 16:49:16,706 - mmdet - INFO - Epoch [1][6450/10002]	lr: 1.000e-03, eta: 1 day, 15:38:27, time: 0.119, data_time: 0.003, memory: 7688, loss_cls: nan, loss_bbox: nan, loss: nan, grad_norm: nan
2023-03-13 16:49:22,588 - mmdet - INFO - Epoch [1][6500/10002]	lr: 1.000e-03, eta: 1 day, 15:35:01, time: 0.118, data_time: 0.003, memory: 7688, loss_cls: nan, loss_bbox: nan, loss: nan, grad_norm: nan
2023-03-13 16:49:29,780 - mmdet - INFO - Epoch [1][6550/10002]	lr: 1.000e-03, eta: 1 day, 15:34:57, time: 0.144, data_time: 0.003, memory: 7688, loss_cls: nan, loss_bbox: nan, loss: nan, grad_norm: nan
2023-03-13 16:49:35,887 - mmdet - INFO - Epoch [1][6600/10002]	lr: 1.000e-03, eta: 1 day, 15:32:10, time: 0.122, data_time: 0.003, memory: 7688, loss_cls: nan, loss_bbox: nan, loss: nan, grad_norm: nan
2023-03-13 16:49:41,910 - mmdet - INFO - Epoch [1][6650/10002]	lr: 1.000e-03, eta: 1 day, 15:29:13, time: 0.120, data_time: 0.003, memory: 7688, loss_cls: nan, loss_bbox: nan, loss: nan, grad_norm: nan
2023-03-13 16:49:47,776 - mmdet - INFO - Epoch [1][6700/10002]	lr: 1.000e-03, eta: 1 day, 15:25:55, time: 0.117, data_time: 0.003, memory: 7688, loss_cls: nan, loss_bbox: nan, loss: nan, grad_norm: nan
2023-03-13 16:49:55,286 - mmdet - INFO - Epoch [1][6750/10002]	lr: 1.000e-03, eta: 1 day, 15:26:41, time: 0.150, data_time: 0.003, memory: 7688, loss_cls: nan, loss_bbox: nan, loss: nan, grad_norm: nan
2023-03-13 16:50:04,010 - mmdet - INFO - Epoch [1][6800/10002]	lr: 1.000e-03, eta: 1 day, 15:30:25, time: 0.174, data_time: 0.003, memory: 7688, loss_cls: nan, loss_bbox: nan, loss: nan, grad_norm: nan
2023-03-13 16:50:11,120 - mmdet - INFO - Epoch [1][6850/10002]	lr: 1.000e-03, eta: 1 day, 15:30:10, time: 0.142, data_time: 0.003, memory: 7688, loss_cls: nan, loss_bbox: nan, loss: nan, grad_norm: nan
2023-03-13 16:50:17,095 - mmdet - INFO - Epoch [1][6900/10002]	lr: 1.000e-03, eta: 1 day, 15:27:13, time: 0.119, data_time: 0.003, memory: 7688, loss_cls: nan, loss_bbox: nan, loss: nan, grad_norm: nan
2023-03-13 16:50:22,993 - mmdet - INFO - Epoch [1][6950/10002]	lr: 1.000e-03, eta: 1 day, 15:24:07, time: 0.118, data_time: 0.003, memory: 7688, loss_cls: nan, loss_bbox: nan, loss: nan, grad_norm: nan
2023-03-13 16:50:28,954 - mmdet - INFO - Exp name: ssd300_coco.py
2023-03-13 16:50:28,954 - mmdet - INFO - Epoch [1][7000/10002]	lr: 1.000e-03, eta: 1 day, 15:21:12, time: 0.119, data_time: 0.003, memory: 7688, loss_cls: nan, loss_bbox: nan, loss: nan, grad_norm: nan
2023-03-13 16:50:34,857 - mmdet - INFO - Epoch [1][7050/10002]	lr: 1.000e-03, eta: 1 day, 15:18:12, time: 0.118, data_time: 0.003, memory: 7688, loss_cls: nan, loss_bbox: nan, loss: nan, grad_norm: nan
2023-03-13 16:50:42,625 - mmdet - INFO - Epoch [1][7100/10002]	lr: 1.000e-03, eta: 1 day, 15:19:35, time: 0.155, data_time: 0.003, memory: 7688, loss_cls: nan, loss_bbox: nan, loss: nan, grad_norm: nan
2023-03-13 16:50:48,492 - mmdet - INFO - Epoch [1][7150/10002]	lr: 1.000e-03, eta: 1 day, 15:16:33, time: 0.117, data_time: 0.003, memory: 7688, loss_cls: nan, loss_bbox: nan, loss: nan, grad_norm: nan
2023-03-13 16:50:54,371 - mmdet - INFO - Epoch [1][7200/10002]	lr: 1.000e-03, eta: 1 day, 15:13:34, time: 0.118, data_time: 0.003, memory: 7688, loss_cls: nan, loss_bbox: nan, loss: nan, grad_norm: nan
2023-03-13 16:51:00,299 - mmdet - INFO - Epoch [1][7250/10002]	lr: 1.000e-03, eta: 1 day, 15:10:45, time: 0.119, data_time: 0.003, memory: 7688, loss_cls: nan, loss_bbox: nan, loss: nan, grad_norm: nan
2023-03-13 16:51:07,604 - mmdet - INFO - Epoch [1][7300/10002]	lr: 1.000e-03, eta: 1 day, 15:11:06, time: 0.146, data_time: 0.003, memory: 7688, loss_cls: nan, loss_bbox: nan, loss: nan, grad_norm: nan
2023-03-13 16:51:15,387 - mmdet - INFO - Epoch [1][7350/10002]	lr: 1.000e-03, eta: 1 day, 15:12:30, time: 0.156, data_time: 0.003, memory: 7688, loss_cls: nan, loss_bbox: nan, loss: nan, grad_norm: nan
2023-03-13 16:51:21,227 - mmdet - INFO - Epoch [1][7400/10002]	lr: 1.000e-03, eta: 1 day, 15:09:33, time: 0.117, data_time: 0.003, memory: 7688, loss_cls: nan, loss_bbox: nan, loss: nan, grad_norm: nan
2023-03-13 16:51:27,094 - mmdet - INFO - Epoch [1][7450/10002]	lr: 1.000e-03, eta: 1 day, 15:06:42, time: 0.117, data_time: 0.003, memory: 7688, loss_cls: nan, loss_bbox: nan, loss: nan, grad_norm: nan
2023-03-13 16:51:32,914 - mmdet - INFO - Epoch [1][7500/10002]	lr: 1.000e-03, eta: 1 day, 15:03:46, time: 0.116, data_time: 0.003, memory: 7688, loss_cls: nan, loss_bbox: nan, loss: nan, grad_norm: nan
2023-03-13 16:51:39,007 - mmdet - INFO - Epoch [1][7550/10002]	lr: 1.000e-03, eta: 1 day, 15:01:29, time: 0.122, data_time: 0.003, memory: 7688, loss_cls: nan, loss_bbox: nan, loss: nan, grad_norm: nan
2023-03-13 16:51:46,229 - mmdet - INFO - Epoch [1][7600/10002]	lr: 1.000e-03, eta: 1 day, 15:01:41, time: 0.144, data_time: 0.003, memory: 7688, loss_cls: nan, loss_bbox: nan, loss: nan, grad_norm: nan
2023-03-13 16:51:52,201 - mmdet - INFO - Epoch [1][7650/10002]	lr: 1.000e-03, eta: 1 day, 14:59:10, time: 0.119, data_time: 0.003, memory: 7688, loss_cls: nan, loss_bbox: nan, loss: nan, grad_norm: nan
2023-03-13 16:51:58,242 - mmdet - INFO - Epoch [1][7700/10002]	lr: 1.000e-03, eta: 1 day, 14:56:51, time: 0.121, data_time: 0.003, memory: 7688, loss_cls: nan, loss_bbox: nan, loss: nan, grad_norm: nan
2023-03-13 16:52:04,214 - mmdet - INFO - Epoch [1][7750/10002]	lr: 1.000e-03, eta: 1 day, 14:54:24, time: 0.119, data_time: 0.003, memory: 7688, loss_cls: nan, loss_bbox: nan, loss: nan, grad_norm: nan
2023-03-13 16:52:10,068 - mmdet - INFO - Epoch [1][7800/10002]	lr: 1.000e-03, eta: 1 day, 14:51:44, time: 0.117, data_time: 0.003, memory: 7688, loss_cls: nan, loss_bbox: nan, loss: nan, grad_norm: nan
2023-03-13 16:52:16,119 - mmdet - INFO - Epoch [1][7850/10002]	lr: 1.000e-03, eta: 1 day, 14:49:31, time: 0.121, data_time: 0.003, memory: 7688, loss_cls: nan, loss_bbox: nan, loss: nan, grad_norm: nan
2023-03-13 16:52:22,016 - mmdet - INFO - Epoch [1][7900/10002]	lr: 1.000e-03, eta: 1 day, 14:47:00, time: 0.118, data_time: 0.003, memory: 7688, loss_cls: nan, loss_bbox: nan, loss: nan, grad_norm: nan
2023-03-13 16:52:28,010 - mmdet - INFO - Epoch [1][7950/10002]	lr: 1.000e-03, eta: 1 day, 14:44:43, time: 0.120, data_time: 0.003, memory: 7688, loss_cls: nan, loss_bbox: nan, loss: nan, grad_norm: nan
2023-03-13 16:52:33,982 - mmdet - INFO - Exp name: ssd300_coco.py
2023-03-13 16:52:33,982 - mmdet - INFO - Epoch [1][8000/10002]	lr: 1.000e-03, eta: 1 day, 14:42:24, time: 0.119, data_time: 0.003, memory: 7688, loss_cls: nan, loss_bbox: nan, loss: nan, grad_norm: nan
2023-03-13 16:52:40,172 - mmdet - INFO - Epoch [1][8050/10002]	lr: 1.000e-03, eta: 1 day, 14:40:35, time: 0.124, data_time: 0.003, memory: 7688, loss_cls: nan, loss_bbox: nan, loss: nan, grad_norm: nan
2023-03-13 16:52:46,181 - mmdet - INFO - Epoch [1][8100/10002]	lr: 1.000e-03, eta: 1 day, 14:38:24, time: 0.120, data_time: 0.003, memory: 7688, loss_cls: nan, loss_bbox: nan, loss: nan, grad_norm: nan
2023-03-13 16:52:54,275 - mmdet - INFO - Epoch [1][8150/10002]	lr: 1.000e-03, eta: 1 day, 14:40:29, time: 0.162, data_time: 0.003, memory: 7688, loss_cls: nan, loss_bbox: nan, loss: nan, grad_norm: nan
2023-03-13 16:53:00,197 - mmdet - INFO - Epoch [1][8200/10002]	lr: 1.000e-03, eta: 1 day, 14:38:10, time: 0.118, data_time: 0.003, memory: 7688, loss_cls: nan, loss_bbox: nan, loss: nan, grad_norm: nan
2023-03-13 16:53:06,111 - mmdet - INFO - Epoch [1][8250/10002]	lr: 1.000e-03, eta: 1 day, 14:35:51, time: 0.118, data_time: 0.003, memory: 7688, loss_cls: nan, loss_bbox: nan, loss: nan, grad_norm: nan
2023-03-13 16:53:12,097 - mmdet - INFO - Epoch [1][8300/10002]	lr: 1.000e-03, eta: 1 day, 14:33:42, time: 0.120, data_time: 0.003, memory: 7688, loss_cls: nan, loss_bbox: nan, loss: nan, grad_norm: nan
2023-03-13 16:53:19,214 - mmdet - INFO - Epoch [1][8350/10002]	lr: 1.000e-03, eta: 1 day, 14:33:49, time: 0.142, data_time: 0.002, memory: 7688, loss_cls: nan, loss_bbox: nan, loss: nan, grad_norm: nan
2023-03-13 16:53:25,233 - mmdet - INFO - Epoch [1][8400/10002]	lr: 1.000e-03, eta: 1 day, 14:31:47, time: 0.120, data_time: 0.003, memory: 7688, loss_cls: nan, loss_bbox: nan, loss: nan, grad_norm: nan
2023-03-13 16:53:31,254 - mmdet - INFO - Epoch [1][8450/10002]	lr: 1.000e-03, eta: 1 day, 14:29:46, time: 0.120, data_time: 0.003, memory: 7688, loss_cls: nan, loss_bbox: nan, loss: nan, grad_norm: nan
2023-03-13 16:53:37,011 - mmdet - INFO - Epoch [1][8500/10002]	lr: 1.000e-03, eta: 1 day, 14:27:15, time: 0.115, data_time: 0.003, memory: 7688, loss_cls: nan, loss_bbox: nan, loss: nan, grad_norm: nan
2023-03-13 16:53:43,090 - mmdet - INFO - Epoch [1][8550/10002]	lr: 1.000e-03, eta: 1 day, 14:25:24, time: 0.122, data_time: 0.003, memory: 7688, loss_cls: nan, loss_bbox: nan, loss: nan, grad_norm: nan
2023-03-13 16:53:52,214 - mmdet - INFO - Epoch [1][8600/10002]	lr: 1.000e-03, eta: 1 day, 14:29:25, time: 0.182, data_time: 0.003, memory: 7688, loss_cls: nan, loss_bbox: nan, loss: nan, grad_norm: nan
2023-03-13 16:53:58,142 - mmdet - INFO - Epoch [1][8650/10002]	lr: 1.000e-03, eta: 1 day, 14:27:16, time: 0.119, data_time: 0.003, memory: 7688, loss_cls: nan, loss_bbox: nan, loss: nan, grad_norm: nan
2023-03-13 16:54:04,019 - mmdet - INFO - Epoch [1][8700/10002]	lr: 1.000e-03, eta: 1 day, 14:25:03, time: 0.118, data_time: 0.003, memory: 7688, loss_cls: nan, loss_bbox: nan, loss: nan, grad_norm: nan
2023-03-13 16:54:09,911 - mmdet - INFO - Epoch [1][8750/10002]	lr: 1.000e-03, eta: 1 day, 14:22:54, time: 0.118, data_time: 0.003, memory: 7688, loss_cls: nan, loss_bbox: nan, loss: nan, grad_norm: nan
2023-03-13 16:54:15,933 - mmdet - INFO - Epoch [1][8800/10002]	lr: 1.000e-03, eta: 1 day, 14:21:00, time: 0.120, data_time: 0.003, memory: 7688, loss_cls: nan, loss_bbox: nan, loss: nan, grad_norm: nan
2023-03-13 16:54:22,021 - mmdet - INFO - Epoch [1][8850/10002]	lr: 1.000e-03, eta: 1 day, 14:19:15, time: 0.122, data_time: 0.003, memory: 7688, loss_cls: nan, loss_bbox: nan, loss: nan, grad_norm: nan
2023-03-13 16:54:27,902 - mmdet - INFO - Epoch [1][8900/10002]	lr: 1.000e-03, eta: 1 day, 14:17:08, time: 0.118, data_time: 0.003, memory: 7688, loss_cls: nan, loss_bbox: nan, loss: nan, grad_norm: nan
2023-03-13 16:54:33,798 - mmdet - INFO - Epoch [1][8950/10002]	lr: 1.000e-03, eta: 1 day, 14:15:04, time: 0.118, data_time: 0.003, memory: 7688, loss_cls: nan, loss_bbox: nan, loss: nan, grad_norm: nan
2023-03-13 16:54:40,010 - mmdet - INFO - Exp name: ssd300_coco.py
2023-03-13 16:54:40,010 - mmdet - INFO - Epoch [1][9000/10002]	lr: 1.000e-03, eta: 1 day, 14:13:36, time: 0.124, data_time: 0.003, memory: 7688, loss_cls: nan, loss_bbox: nan, loss: nan, grad_norm: nan
2023-03-13 16:54:45,957 - mmdet - INFO - Epoch [1][9050/10002]	lr: 1.000e-03, eta: 1 day, 14:11:40, time: 0.119, data_time: 0.003, memory: 7688, loss_cls: nan, loss_bbox: nan, loss: nan, grad_norm: nan
2023-03-13 16:54:51,881 - mmdet - INFO - Epoch [1][9100/10002]	lr: 1.000e-03, eta: 1 day, 14:09:43, time: 0.118, data_time: 0.003, memory: 7688, loss_cls: nan, loss_bbox: nan, loss: nan, grad_norm: nan
2023-03-13 16:54:57,875 - mmdet - INFO - Epoch [1][9150/10002]	lr: 1.000e-03, eta: 1 day, 14:07:55, time: 0.120, data_time: 0.003, memory: 7688, loss_cls: nan, loss_bbox: nan, loss: nan, grad_norm: nan
2023-03-13 16:55:03,723 - mmdet - INFO - Epoch [1][9200/10002]	lr: 1.000e-03, eta: 1 day, 14:05:52, time: 0.117, data_time: 0.002, memory: 7688, loss_cls: nan, loss_bbox: nan, loss: nan, grad_norm: nan
2023-03-13 16:55:09,562 - mmdet - INFO - Epoch [1][9250/10002]	lr: 1.000e-03, eta: 1 day, 14:03:49, time: 0.117, data_time: 0.003, memory: 7688, loss_cls: nan, loss_bbox: nan, loss: nan, grad_norm: nan
2023-03-13 16:55:16,844 - mmdet - INFO - Epoch [1][9300/10002]	lr: 1.000e-03, eta: 1 day, 14:04:21, time: 0.146, data_time: 0.003, memory: 7688, loss_cls: nan, loss_bbox: nan, loss: nan, grad_norm: nan
2023-03-13 16:55:22,791 - mmdet - INFO - Epoch [1][9350/10002]	lr: 1.000e-03, eta: 1 day, 14:02:32, time: 0.119, data_time: 0.003, memory: 7688, loss_cls: nan, loss_bbox: nan, loss: nan, grad_norm: nan
2023-03-13 16:55:28,785 - mmdet - INFO - Epoch [1][9400/10002]	lr: 1.000e-03, eta: 1 day, 14:00:48, time: 0.120, data_time: 0.003, memory: 7688, loss_cls: nan, loss_bbox: nan, loss: nan, grad_norm: nan
2023-03-13 16:55:34,753 - mmdet - INFO - Epoch [1][9450/10002]	lr: 1.000e-03, eta: 1 day, 13:59:03, time: 0.119, data_time: 0.003, memory: 7688, loss_cls: nan, loss_bbox: nan, loss: nan, grad_norm: nan
2023-03-13 16:55:42,711 - mmdet - INFO - Epoch [1][9500/10002]	lr: 1.000e-03, eta: 1 day, 14:00:46, time: 0.159, data_time: 0.003, memory: 7688, loss_cls: nan, loss_bbox: nan, loss: nan, grad_norm: nan
